{
  "0 debug pnpm:scope": {
    "selected": 1
  },
  "1 error pnpm": {
    "code": "ELIFECYCLE",
    "errno": "ENOENT",
    "syscall": "spawn",
    "file": "sh",
    "pkgid": "my-template@0.1.0",
    "stage": "build",
    "script": "react-scripts build",
    "pkgname": "my-template",
    "err": {
      "name": "pnpm",
      "message": "my-template@0.1.0 build: `react-scripts build`\nspawn ENOENT",
      "code": "ELIFECYCLE",
      "stack": "pnpm: my-template@0.1.0 build: `react-scripts build`\nspawn ENOENT\n    at ChildProcess.<anonymous> (/home/ayan/.nvm/versions/node/v16.8.0/lib/node_modules/pnpm/dist/pnpm.cjs:92557:22)\n    at ChildProcess.emit (node:events:394:28)\n    at maybeClose (node:internal/child_process:1064:16)\n    at Process.ChildProcess._handle.onexit (node:internal/child_process:301:5)"
    }
  },
  "2 warn pnpm:global": " Local package.json exists, but node_modules missing, did you mean to install?"
}